[17:12:52:841]Debug: open serial done.serial name = COM4, serial baudrate = 921600.
[17:13:07:279]Debug: bbBinfile size = 4096.
[17:13:07:280]Debug: get data success!
[17:13:07:619]Debug: upgrade_respone size = 0.
[17:13:07:919]Debug: upgrade_respone size = 0.
[17:13:08:213]Debug: Bink enter upgrade mode pass.
[17:13:08:336]Debug: bbBinfile size = 256.
[17:13:08:336]Debug: get data success!
[17:13:08:336]Debug: bbBinfile size = 42752.
[17:13:08:336]Debug: get data success!
[17:13:08:338]Debug: bbBinfile size = 1114624.
[17:13:08:338]Debug: get data success!
[17:13:08:338]Debug: SecureEncryptionMode Download Flash File Progress
[17:13:08:338]Debug: Name               Saddr       Eaddr       Length    
[17:13:08:339]Debug: 
[17:13:08:339]Debug: [1]mbr(self)       0x00000000  0x00040000  0x00040000
[17:13:08:339]Debug: [2]auth.code       0x00040000  0x00080000  0x00040000
[17:13:08:339]Debug: [3]ramloader       0x00080000  0x00100000  0x00080000
[17:13:08:339]Debug: [4]bb.firmware     0x00100000  0x00280000  0x00180000
[17:13:08:339]Debug: 
mbr mbr(self) check ok
[17:13:08:340]Debug: *****Down Load Flash Begin: file size 4096 (bytes), Load Addr = 0x  140000, Flash Addr = 0x10000000


[17:13:08:340]Debug: *****Down Load Flash:upgrade flash addr 0x10000000
[17:13:08:340]Debug: Down Load Flash Processing: write 4096 bytes to Flash Addr 0x10000000 


[17:13:08:340]Debug: 
[17:13:08:340]Debug: ******pgrade Process Start******

[17:13:08:341]Debug: bink debug nRdSize 4096 
[17:13:08:341]Debug: Try to handshake with targe, try_count = 1
[17:13:08:341]Debug: Send handshake cmd to target.
[17:13:08:341]Debug: Serial transfer Begin.Thread start.
[17:13:08:341]Debug: Serial PortName = COM4, BondRate = 921600
[17:13:08:342]Debug: Serial transfer running.
[17:13:08:373]Debug: Serial transfer wrtie data done.len = 1,timeOut setting = 1000.
[17:13:09:373]Debug: mode = 1 , Wait read response timeout 17:13:09
[17:13:09:373]Debug: get emit timeout signal
[17:13:09:374]Debug: receive ack timeoutStatus = 1 
[17:13:09:374]Debug: Try to handshake with targe, try_count = 2
[17:13:09:374]Debug: Send handshake cmd to target.
[17:13:09:374]Debug: Serial transfer Begin.Thread wake.
[17:13:09:374]Debug: Serial PortName = COM4, BondRate = 921600
[17:13:09:374]Debug: Serial transfer Done.Thread sleep.
[17:13:09:374]Debug: Serial transfer running.
[17:13:09:374]Debug: Serial transfer wrtie data done.len = 1,timeOut setting = 1000.
[17:13:10:375]Debug: mode = 1 , Wait read response timeout 17:13:10
[17:13:10:375]Debug: get emit timeout signal
[17:13:10:375]Debug: receive ack timeoutStatus = 1 
[17:13:10:375]Debug: Try to handshake with targe, try_count = 3
[17:13:10:375]Debug: Send handshake cmd to target.
[17:13:10:375]Debug: Serial transfer Begin.Thread wake.
[17:13:10:375]Debug: Serial PortName = COM4, BondRate = 921600
[17:13:10:375]Debug: Serial transfer Done.Thread sleep.
[17:13:10:376]Debug: Serial transfer running.
[17:13:10:376]Debug: Serial transfer wrtie data done.len = 1,timeOut setting = 1000.
[17:13:10:450]Debug: 3 ,response data size = 64
[17:13:10:450]Debug: Serial transfer read data done.len = 0,timeOut setting = 1000.
[17:13:10:450]Debug: show Respons array size = 64, mode = 1
[17:13:10:450]Debug: End == show Respons array size = 64, mode = 1 response = 1
[17:13:10:451]Debug: state: 0==>0
[17:13:10:451]Debug: Handshake to target Done.

[17:13:10:451]Debug: Bink: set mbr progress bar pos = 0.
[17:13:10:451]Debug: Bink: set mode = 1, fileType = 1, pos = 0.
[17:13:10:452]Debug:  current status:1 
[17:13:10:452]Debug: Send data to targe: size: 10
[17:13:10:452]Debug: Serial transfer Begin.Thread wake.
[17:13:10:452]Debug: Serial PortName = COM4, BondRate = 921600
[17:13:10:452]Debug: Serial transfer Done.Thread sleep.
[17:13:10:452]Debug: Serial transfer running.
[17:13:10:452]Debug: Serial transfer wrtie data done.len = 10,timeOut setting = 1000.
[17:13:10:530]Debug: 3 ,response data size = 10
[17:13:10:530]Debug: Serial transfer read data done.len = 0,timeOut setting = 1000.
[17:13:10:530]Debug: show Respons array size = 10, mode = 0
[17:13:10:530]Debug: End == show Respons array size = 10, mode = 0 response = 1
[17:13:10:532]Debug: state parse cmd ret = 7
[17:13:10:532]Debug: process machine state: 1 ==> 2 
[17:13:10:532]Debug: state: 1==>2

[17:13:10:532]Debug: Bink: set mbr progress bar pos = 0.
[17:13:10:532]Debug: Bink: set mode = 1, fileType = 1, pos = 0.
[17:13:10:532]Debug:  current status:2 
[17:13:10:532]Debug:  dwLoadAddr:0x140000, len:0x1000 
[17:13:10:532]Debug: Send data to targe: size: 18
[17:13:10:532]Debug: Serial transfer Begin.Thread wake.
[17:13:10:532]Debug: Serial PortName = COM4, BondRate = 921600
[17:13:10:532]Debug: Serial transfer Done.Thread sleep.
[17:13:10:532]Debug: Serial transfer running.
[17:13:10:532]Debug: Serial transfer wrtie data done.len = 18,timeOut setting = 1000.
[17:13:10:610]Debug: 3 ,response data size = 10
[17:13:10:610]Debug: Serial transfer read data done.len = 0,timeOut setting = 1000.
[17:13:10:610]Debug: show Respons array size = 10, mode = 0
[17:13:10:610]Debug: End == show Respons array size = 10, mode = 0 response = 1
[17:13:10:612]Debug: state parse cmd ret = 7
[17:13:10:612]Debug: process machine state: 2 ==> 3 
[17:13:10:612]Debug: state: 2==>3

[17:13:10:612]Debug: Bink: set mbr progress bar pos = 0.
[17:13:10:612]Debug: Bink: set mode = 1, fileType = 1, pos = 0.
[17:13:10:612]Debug:  current status:3 
[17:13:10:612]Debug: Send buff end.
[17:13:10:612]Debug: send_total_byte = 4096, current packet size 4096, left size 0
[17:13:10:612]Debug: Send data to targe: size: 4106
[17:13:10:612]Debug: Serial transfer Begin.Thread wake.
[17:13:10:612]Debug: Serial PortName = COM4, BondRate = 921600
[17:13:10:612]Debug: Serial transfer Done.Thread sleep.
[17:13:10:612]Debug: Serial transfer running.
[17:13:10:640]Debug: Serial transfer wrtie data done.len = 4106,timeOut setting = 1000.
[17:13:10:738]Debug: 3 ,response data size = 10
[17:13:10:738]Debug: Serial transfer read data done.len = 0,timeOut setting = 1000.
[17:13:10:738]Debug: show Respons array size = 10, mode = 0
[17:13:10:738]Debug: End == show Respons array size = 10, mode = 0 response = 1
[17:13:10:742]Debug: state parse cmd ret = 7
[17:13:10:742]Debug: process machine state: 3 ==> 5 
[17:13:10:742]Debug: state: 3==>5

[17:13:10:742]Debug: Bink: set mbr progress bar pos = 100.
[17:13:10:742]Debug: Bink: set mode = 1, fileType = 1, pos = 100.
[17:13:10:743]Debug:  current status:5 
[17:13:10:743]Debug: send UPGRADE_CMD_TYPE_E_EXEC_DATA, flash addr 0x10000000
[17:13:10:743]Debug: Send data to targe: size: 14
[17:13:10:743]Debug: Serial transfer Begin.Thread wake.
[17:13:10:743]Debug: Serial PortName = COM4, BondRate = 921600
[17:13:10:743]Debug: Serial transfer Done.Thread sleep.
[17:13:10:743]Debug: Serial transfer running.
[17:13:10:743]Debug: Serial transfer wrtie data done.len = 14,timeOut setting = 1000.
[17:13:11:010]Debug: 3 ,response data size = 20
[17:13:11:010]Debug: Serial transfer read data done.len = 0,timeOut setting = 1000.
[17:13:11:010]Debug: show Respons array size = 20, mode = 0
[17:13:11:010]Debug: End == show Respons array size = 20, mode = 0 response = 1
[17:13:11:013]Debug: state parse cmd ret = 7
[17:13:11:013]Debug: process machine state: 5 ==> 6 
[17:13:11:013]Debug: state: 5==>6

[17:13:11:013]Debug: Bink: set mbr progress bar pos = 100.
[17:13:11:013]Debug: Bink: set mode = 1, fileType = 1, pos = 100.
[17:13:11:013]Debug:  current status:6 
[17:13:11:013]Debug: upgrade  complete ########################
[17:13:11:013]Debug: ******Upgrade Process Complete******

[17:13:11:013]Debug: DownLoadFlashFile --- 0
[17:13:11:013]Debug: *****Down Load Flash Done: file size 0 (bytes), Load Addr = 0x  140000, Flash Addr = 0x10000000


[17:13:11:013]Debug: Down Load Flash Done:upgrade done,ret = 1.
[17:13:11:013]Debug: **************download mbr done,size 4096 bytes*************** 
[17:13:11:013]Debug: 
mbr auth.code check ok
[17:13:11:013]Debug: *****Down Load Flash Begin: file size 256 (bytes), Load Addr = 0x  140000, Flash Addr = 0x10040000


[17:13:11:014]Debug: *****Down Load Flash:upgrade flash addr 0x10040000
[17:13:11:014]Debug: Down Load Flash Processing: write 256 bytes to Flash Addr 0x10040000 


[17:13:11:014]Debug: 
[17:13:11:014]Debug: ******pgrade Process Start******

[17:13:11:014]Debug: bink debug nRdSize 256 
[17:13:11:014]Debug: Try to handshake with targe, try_count = 1
[17:13:11:014]Debug: Send handshake cmd to target.
[17:13:11:014]Debug: Serial transfer Begin.Thread wake.
[17:13:11:014]Debug: Serial PortName = COM4, BondRate = 921600
[17:13:11:014]Debug: Serial transfer Done.Thread sleep.
[17:13:11:014]Debug: Serial transfer running.
[17:13:11:014]Debug: Serial transfer wrtie data done.len = 1,timeOut setting = 1000.
[17:13:11:090]Debug: 3 ,response data size = 64
[17:13:11:090]Debug: Serial transfer read data done.len = 0,timeOut setting = 1000.
[17:13:11:090]Debug: show Respons array size = 64, mode = 1
[17:13:11:090]Debug: End == show Respons array size = 64, mode = 1 response = 1
[17:13:11:091]Debug: state: 0==>0
[17:13:11:091]Debug: Handshake to target Done.

[17:13:11:091]Debug: Bink: set ac progress bar pos = 0.
[17:13:11:091]Debug: Bink: set mode = 1, fileType = 2, pos = 0.
[17:13:11:091]Debug:  current status:1 
[17:13:11:091]Debug: Send data to targe: size: 10
[17:13:11:091]Debug: Serial transfer Begin.Thread wake.
[17:13:11:091]Debug: Serial PortName = COM4, BondRate = 921600
[17:13:11:091]Debug: Serial transfer Done.Thread sleep.
[17:13:11:091]Debug: Serial transfer running.
[17:13:11:092]Debug: Serial transfer wrtie data done.len = 10,timeOut setting = 1000.
[17:13:11:170]Debug: 3 ,response data size = 10
[17:13:11:170]Debug: Serial transfer read data done.len = 0,timeOut setting = 1000.
[17:13:11:170]Debug: show Respons array size = 10, mode = 0
[17:13:11:170]Debug: End == show Respons array size = 10, mode = 0 response = 1
[17:13:11:171]Debug: state parse cmd ret = 7
[17:13:11:171]Debug: process machine state: 1 ==> 2 
[17:13:11:171]Debug: state: 1==>2

[17:13:11:171]Debug: Bink: set ac progress bar pos = 0.
[17:13:11:171]Debug: Bink: set mode = 1, fileType = 2, pos = 0.
[17:13:11:171]Debug:  current status:2 
[17:13:11:171]Debug:  dwLoadAddr:0x140000, len:0x100 
[17:13:11:171]Debug: Send data to targe: size: 18
[17:13:11:171]Debug: Serial transfer Begin.Thread wake.
[17:13:11:171]Debug: Serial PortName = COM4, BondRate = 921600
[17:13:11:171]Debug: Serial transfer Done.Thread sleep.
[17:13:11:171]Debug: Serial transfer running.
[17:13:11:171]Debug: Serial transfer wrtie data done.len = 18,timeOut setting = 1000.
[17:13:11:250]Debug: 3 ,response data size = 10
[17:13:11:250]Debug: Serial transfer read data done.len = 0,timeOut setting = 1000.
[17:13:11:250]Debug: show Respons array size = 10, mode = 0
[17:13:11:250]Debug: End == show Respons array size = 10, mode = 0 response = 1
[17:13:11:251]Debug: state parse cmd ret = 7
[17:13:11:251]Debug: process machine state: 2 ==> 3 
[17:13:11:251]Debug: state: 2==>3

[17:13:11:251]Debug: Bink: set ac progress bar pos = 0.
[17:13:11:251]Debug: Bink: set mode = 1, fileType = 2, pos = 0.
[17:13:11:251]Debug:  current status:3 
[17:13:11:251]Debug: Send buff end.
[17:13:11:251]Debug: send_total_byte = 256, current packet size 256, left size 0
[17:13:11:251]Debug: Send data to targe: size: 266
[17:13:11:251]Debug: Serial transfer Begin.Thread wake.
[17:13:11:251]Debug: Serial PortName = COM4, BondRate = 921600
[17:13:11:251]Debug: Serial transfer Done.Thread sleep.
[17:13:11:251]Debug: Serial transfer running.
[17:13:11:251]Debug: Serial transfer wrtie data done.len = 266,timeOut setting = 1000.
[17:13:11:330]Debug: 3 ,response data size = 10
[17:13:11:330]Debug: Serial transfer read data done.len = 0,timeOut setting = 1000.
[17:13:11:330]Debug: show Respons array size = 10, mode = 0
[17:13:11:330]Debug: End == show Respons array size = 10, mode = 0 response = 1
[17:13:11:331]Debug: state parse cmd ret = 7
[17:13:11:331]Debug: process machine state: 3 ==> 5 
[17:13:11:331]Debug: state: 3==>5

[17:13:11:331]Debug: Bink: set ac progress bar pos = 100.
[17:13:11:331]Debug: Bink: set mode = 1, fileType = 2, pos = 100.
[17:13:11:331]Debug:  current status:5 
[17:13:11:331]Debug: send UPGRADE_CMD_TYPE_E_EXEC_DATA, flash addr 0x10040000
[17:13:11:331]Debug: Send data to targe: size: 14
[17:13:11:332]Debug: Serial transfer Begin.Thread wake.
[17:13:11:332]Debug: Serial PortName = COM4, BondRate = 921600
[17:13:11:332]Debug: Serial transfer Done.Thread sleep.
[17:13:11:332]Debug: Serial transfer running.
[17:13:11:332]Debug: Serial transfer wrtie data done.len = 14,timeOut setting = 1000.
[17:13:11:570]Debug: 3 ,response data size = 20
[17:13:11:570]Debug: Serial transfer read data done.len = 0,timeOut setting = 1000.
[17:13:11:570]Debug: show Respons array size = 20, mode = 0
[17:13:11:570]Debug: End == show Respons array size = 20, mode = 0 response = 1
[17:13:11:572]Debug: state parse cmd ret = 7
[17:13:11:572]Debug: process machine state: 5 ==> 6 
[17:13:11:572]Debug: state: 5==>6

[17:13:11:572]Debug: Bink: set ac progress bar pos = 100.
[17:13:11:572]Debug: Bink: set mode = 1, fileType = 2, pos = 100.
[17:13:11:572]Debug:  current status:6 
[17:13:11:572]Debug: upgrade  complete ########################
[17:13:11:572]Debug: ******Upgrade Process Complete******

[17:13:11:572]Debug: DownLoadFlashFile --- 0
[17:13:11:572]Debug: *****Down Load Flash Done: file size 0 (bytes), Load Addr = 0x  140000, Flash Addr = 0x10040000


[17:13:11:572]Debug: Down Load Flash Done:upgrade done,ret = 1.
[17:13:11:572]Debug: **************download authcode done,size 256 bytes*************** 
[17:13:11:572]Debug: 
mbr ramloader check ok
[17:13:11:572]Debug: *****Down Load Flash Begin: file size 42752 (bytes), Load Addr = 0x  140000, Flash Addr = 0x10080000


[17:13:11:573]Debug: *****Down Load Flash:upgrade flash addr 0x10080000
[17:13:11:573]Debug: Down Load Flash Processing: write 42752 bytes to Flash Addr 0x10080000 


[17:13:11:573]Debug: 
[17:13:11:573]Debug: ******pgrade Process Start******

[17:13:11:573]Debug: bink debug nRdSize 42752 
[17:13:11:573]Debug: Try to handshake with targe, try_count = 1
[17:13:11:573]Debug: Send handshake cmd to target.
[17:13:11:573]Debug: Serial transfer Begin.Thread wake.
[17:13:11:573]Debug: Serial PortName = COM4, BondRate = 921600
[17:13:11:573]Debug: Serial transfer Done.Thread sleep.
[17:13:11:573]Debug: Serial transfer running.
[17:13:11:573]Debug: Serial transfer wrtie data done.len = 1,timeOut setting = 1000.
[17:13:11:650]Debug: 3 ,response data size = 64
[17:13:11:650]Debug: Serial transfer read data done.len = 0,timeOut setting = 1000.
[17:13:11:650]Debug: show Respons array size = 64, mode = 1
[17:13:11:650]Debug: End == show Respons array size = 64, mode = 1 response = 1
[17:13:11:651]Debug: state: 0==>0
[17:13:11:651]Debug: Handshake to target Done.

[17:13:11:651]Debug: Bink: set bl progress bar pos = 0.
[17:13:11:651]Debug: Bink: set mode = 1, fileType = 3, pos = 0.
[17:13:11:651]Debug:  current status:1 
[17:13:11:651]Debug: Send data to targe: size: 10
[17:13:11:651]Debug: Serial transfer Begin.Thread wake.
[17:13:11:651]Debug: Serial PortName = COM4, BondRate = 921600
[17:13:11:651]Debug: Serial transfer Done.Thread sleep.
[17:13:11:651]Debug: Serial transfer running.
[17:13:11:651]Debug: Serial transfer wrtie data done.len = 10,timeOut setting = 1000.
[17:13:11:730]Debug: 3 ,response data size = 10
[17:13:11:730]Debug: Serial transfer read data done.len = 0,timeOut setting = 1000.
[17:13:11:730]Debug: show Respons array size = 10, mode = 0
[17:13:11:730]Debug: End == show Respons array size = 10, mode = 0 response = 1
[17:13:11:731]Debug: state parse cmd ret = 7
[17:13:11:731]Debug: process machine state: 1 ==> 2 
[17:13:11:731]Debug: state: 1==>2

[17:13:11:731]Debug: Bink: set bl progress bar pos = 0.
[17:13:11:731]Debug: Bink: set mode = 1, fileType = 3, pos = 0.
[17:13:11:731]Debug:  current status:2 
[17:13:11:731]Debug:  dwLoadAddr:0x140000, len:0xa700 
[17:13:11:731]Debug: Send data to targe: size: 18
[17:13:11:732]Debug: Serial transfer Begin.Thread wake.
[17:13:11:732]Debug: Serial PortName = COM4, BondRate = 921600
[17:13:11:732]Debug: Serial transfer Done.Thread sleep.
[17:13:11:732]Debug: Serial transfer running.
[17:13:11:732]Debug: Serial transfer wrtie data done.len = 18,timeOut setting = 1000.
[17:13:11:810]Debug: 3 ,response data size = 10
[17:13:11:810]Debug: Serial transfer read data done.len = 0,timeOut setting = 1000.
[17:13:11:810]Debug: show Respons array size = 10, mode = 0
[17:13:11:810]Debug: End == show Respons array size = 10, mode = 0 response = 1
[17:13:11:812]Debug: state parse cmd ret = 7
[17:13:11:812]Debug: process machine state: 2 ==> 3 
[17:13:11:812]Debug: state: 2==>3

[17:13:11:812]Debug: Bink: set bl progress bar pos = 0.
[17:13:11:812]Debug: Bink: set mode = 1, fileType = 3, pos = 0.
[17:13:11:812]Debug:  current status:3 
[17:13:11:812]Debug: send_total_byte = 32768, current packet size 32768, left size 9984
[17:13:11:812]Debug: Send data to targe: size: 32778
[17:13:11:812]Debug: Serial transfer Begin.Thread wake.
[17:13:11:813]Debug: Serial PortName = COM4, BondRate = 921600
[17:13:11:813]Debug: Serial transfer Done.Thread sleep.
[17:13:11:813]Debug: Serial transfer running.
[17:13:12:151]Debug: Serial transfer wrtie data done.len = 32778,timeOut setting = 1000.
[17:13:12:226]Debug: 3 ,response data size = 10
[17:13:12:226]Debug: Serial transfer read data done.len = 0,timeOut setting = 1000.
[17:13:12:226]Debug: show Respons array size = 10, mode = 0
[17:13:12:226]Debug: End == show Respons array size = 10, mode = 0 response = 1
[17:13:12:233]Debug: state parse cmd ret = 7
[17:13:12:233]Debug: process machine state: 3 ==> 4 
[17:13:12:233]Debug: state: 3==>4

[17:13:12:233]Debug: Bink: set bl progress bar pos = 76.
[17:13:12:234]Debug: Bink: set mode = 1, fileType = 3, pos = 76.
[17:13:12:234]Debug:  current status:4 
[17:13:12:234]Debug: Send buff end.
[17:13:12:234]Debug: send_total_byte = 42752, current packet size 9984, left size 0
[17:13:12:234]Debug: Send data to targe: size: 9994
[17:13:12:234]Debug: Serial transfer Begin.Thread wake.
[17:13:12:234]Debug: Serial PortName = COM4, BondRate = 921600
[17:13:12:234]Debug: Serial transfer Done.Thread sleep.
[17:13:12:234]Debug: Serial transfer running.
[17:13:12:323]Debug: Serial transfer wrtie data done.len = 9994,timeOut setting = 1000.
[17:13:12:418]Debug: 3 ,response data size = 10
[17:13:12:418]Debug: Serial transfer read data done.len = 0,timeOut setting = 1000.
[17:13:12:418]Debug: show Respons array size = 10, mode = 0
[17:13:12:418]Debug: End == show Respons array size = 10, mode = 0 response = 1
[17:13:12:424]Debug: state parse cmd ret = 7
[17:13:12:424]Debug: process machine state: 4 ==> 5 
[17:13:12:424]Debug: state: 4==>5

[17:13:12:424]Debug: Bink: set bl progress bar pos = 100.
[17:13:12:425]Debug: Bink: set mode = 1, fileType = 3, pos = 100.
[17:13:12:425]Debug:  current status:5 
[17:13:12:425]Debug: send UPGRADE_CMD_TYPE_E_EXEC_DATA, flash addr 0x10080000
[17:13:12:425]Debug: Send data to targe: size: 14
[17:13:12:425]Debug: Serial transfer Begin.Thread wake.
[17:13:12:425]Debug: Serial PortName = COM4, BondRate = 921600
[17:13:12:425]Debug: Serial transfer Done.Thread sleep.
[17:13:12:425]Debug: Serial transfer running.
[17:13:12:425]Debug: Serial transfer wrtie data done.len = 14,timeOut setting = 1000.
[17:13:12:850]Debug: 3 ,response data size = 20
[17:13:12:850]Debug: Serial transfer read data done.len = 0,timeOut setting = 1000.
[17:13:12:850]Debug: show Respons array size = 20, mode = 0
[17:13:12:850]Debug: End == show Respons array size = 20, mode = 0 response = 1
[17:13:12:855]Debug: state parse cmd ret = 7
[17:13:12:855]Debug: process machine state: 5 ==> 6 
[17:13:12:855]Debug: state: 5==>6

[17:13:12:855]Debug: Bink: set bl progress bar pos = 100.
[17:13:12:855]Debug: Bink: set mode = 1, fileType = 3, pos = 100.
[17:13:12:855]Debug:  current status:6 
[17:13:12:855]Debug: upgrade  complete ########################
[17:13:12:855]Debug: ******Upgrade Process Complete******

[17:13:12:855]Debug: DownLoadFlashFile --- 0
[17:13:12:855]Debug: *****Down Load Flash Done: file size 0 (bytes), Load Addr = 0x  140000, Flash Addr = 0x10080000


[17:13:12:855]Debug: Down Load Flash Done:upgrade done,ret = 1.
[17:13:12:855]Debug: **************download bl done,size 42752 bytes*************** 
[17:13:12:856]Debug: bb file can not find mbr config info.
[17:13:20:297]Debug: Bink serialClose wakeone.
[17:13:20:297]Debug: Serial transfer Done.Thread sleep.
[17:13:20:297]Debug: ForceClose Done.
[17:13:21:356]Warning: QWaitCondition: Destroyed while threads are still waiting[17:13:21:357]Warning: QMutex: destroying locked mutex