[16:47:42:765]Debug: Name: "COM7" 
[16:47:42:766]Debug: Description: "JLink CDC UART Port" 
[16:47:42:766]Debug: Manufacturer: "SEGGER" 
[16:47:42:776]Debug: Name: "COM5" 
[16:47:42:776]Debug: Description: "USB Serial Port" 
[16:47:42:776]Debug: Manufacturer: "FTDI" 
[16:47:42:930]Debug: Name: "COM6" 
[16:47:42:930]Debug: Description: "USB Serial Port" 
[16:47:42:930]Debug: Manufacturer: "FTDI" 
[16:47:43:074]Debug: Name: "COM1" 
[16:47:43:074]Debug: Description: "通信端口" 
[16:47:43:074]Debug: Manufacturer: "(标准端口类型)" 
[16:47:43:153]Debug: Name: "COM3" 
[16:47:43:154]Debug: Description: "USB Serial Port" 
[16:47:43:154]Debug: Manufacturer: "FTDI" 
[16:47:43:154]Debug: Name: "COM4" 
[16:47:43:155]Debug: Description: "USB Serial Port" 
[16:47:43:155]Debug: Manufacturer: "FTDI" 
[16:47:45:191]Debug: open serial done.serial name = COM4, serial baudrate = 921600.
[16:48:01:823]Debug: bbBinfile size = 4096.
[16:48:01:824]Debug: get data success!
[16:48:01:869]Debug: Bink enter upgrade mode pass.
[16:48:01:984]Debug: bbBinfile size = 256.
[16:48:01:984]Debug: get data success!
[16:48:01:985]Debug: bbBinfile size = 42752.
[16:48:01:985]Debug: get data success!
[16:48:01:986]Debug: bbBinfile size = 1114624.
[16:48:01:986]Debug: get data success!
[16:48:01:986]Debug: SecureEncryptionMode Download Flash File Progress
[16:48:01:987]Debug: Name               Saddr       Eaddr       Length    
[16:48:01:987]Debug: 
[16:48:01:987]Debug: [1]mbr(self)       0x00000000  0x00040000  0x00040000
[16:48:01:987]Debug: [2]auth.code       0x00040000  0x00080000  0x00040000
[16:48:01:987]Debug: [3]ramloader       0x00080000  0x00100000  0x00080000
[16:48:01:987]Debug: [4]bb.firmware     0x00100000  0x00280000  0x00180000
[16:48:01:987]Debug: 
mbr mbr(self) check ok
[16:48:01:988]Debug: *****Down Load Flash Begin: file size 4096 (bytes), Load Addr = 0x  140000, Flash Addr = 0x10000000


[16:48:01:988]Debug: *****Down Load Flash:upgrade flash addr 0x10000000
[16:48:01:988]Debug: Down Load Flash Processing: write 4096 bytes to Flash Addr 0x10000000 


[16:48:01:988]Debug: 
[16:48:01:988]Debug: ******pgrade Process Start******

[16:48:01:988]Debug: bink debug nRdSize 4096 
[16:48:01:989]Debug: Try to handshake with targe, try_count = 1
[16:48:01:989]Debug: Send handshake cmd to target.
[16:48:01:989]Debug: Serial transfer Begin.Thread start.
[16:48:01:989]Debug: Serial PortName = COM4, BondRate = 921600
[16:48:01:990]Debug: Serial transfer running.
[16:48:02:015]Debug: Serial transfer wrtie data done.len = 1,timeOut setting = 1000.
[16:48:03:015]Debug: mode = 1 , Wait read response timeout 16:48:03
[16:48:03:015]Debug: get emit timeout signal
[16:48:03:016]Debug: receive ack timeoutStatus = 1 
[16:48:03:016]Debug: Try to handshake with targe, try_count = 2
[16:48:03:016]Debug: Send handshake cmd to target.
[16:48:03:016]Debug: Serial transfer Begin.Thread wake.
[16:48:03:016]Debug: Serial PortName = COM4, BondRate = 921600
[16:48:03:016]Debug: Serial transfer Done.Thread sleep.
[16:48:03:016]Debug: Serial transfer running.
[16:48:03:016]Debug: Serial transfer wrtie data done.len = 1,timeOut setting = 1000.
[16:48:04:017]Debug: mode = 1 , Wait read response timeout 16:48:04
[16:48:04:017]Debug: get emit timeout signal
[16:48:04:018]Debug: receive ack timeoutStatus = 1 
[16:48:04:018]Debug: Try to handshake with targe, try_count = 3
[16:48:04:018]Debug: Send handshake cmd to target.
[16:48:04:018]Debug: Serial transfer Begin.Thread wake.
[16:48:04:018]Debug: Serial PortName = COM4, BondRate = 921600
[16:48:04:018]Debug: Serial transfer Done.Thread sleep.
[16:48:04:018]Debug: Serial transfer running.
[16:48:04:019]Debug: Serial transfer wrtie data done.len = 1,timeOut setting = 1000.
[16:48:04:105]Debug: 3 ,response data size = 64
[16:48:04:105]Debug: Serial transfer read data done.len = 0,timeOut setting = 1000.
[16:48:04:105]Debug: show Respons array size = 64, mode = 1
[16:48:04:105]Debug: End == show Respons array size = 64, mode = 1 response = 1
[16:48:04:106]Debug: state: 0==>0
[16:48:04:106]Debug: Handshake to target Done.

[16:48:04:106]Debug: Bink: set mbr progress bar pos = 0.
[16:48:04:106]Debug: Bink: set mode = 1, fileType = 1, pos = 0.
[16:48:04:106]Debug:  current status:1 
[16:48:04:107]Debug: Send data to targe: size: 10
[16:48:04:107]Debug: Serial transfer Begin.Thread wake.
[16:48:04:107]Debug: Serial PortName = COM4, BondRate = 921600
[16:48:04:107]Debug: Serial transfer Done.Thread sleep.
[16:48:04:107]Debug: Serial transfer running.
[16:48:04:107]Debug: Serial transfer wrtie data done.len = 10,timeOut setting = 1000.
[16:48:04:185]Debug: 3 ,response data size = 10
[16:48:04:185]Debug: Serial transfer read data done.len = 0,timeOut setting = 1000.
[16:48:04:185]Debug: show Respons array size = 10, mode = 0
[16:48:04:185]Debug: End == show Respons array size = 10, mode = 0 response = 1
[16:48:04:187]Debug: state parse cmd ret = 7
[16:48:04:187]Debug: process machine state: 1 ==> 2 
[16:48:04:187]Debug: state: 1==>2

[16:48:04:187]Debug: Bink: set mbr progress bar pos = 0.
[16:48:04:187]Debug: Bink: set mode = 1, fileType = 1, pos = 0.
[16:48:04:187]Debug:  current status:2 
[16:48:04:187]Debug:  dwLoadAddr:0x140000, len:0x1000 
[16:48:04:187]Debug: Send data to targe: size: 18
[16:48:04:187]Debug: Serial transfer Begin.Thread wake.
[16:48:04:187]Debug: Serial PortName = COM4, BondRate = 921600
[16:48:04:187]Debug: Serial transfer Done.Thread sleep.
[16:48:04:188]Debug: Serial transfer running.
[16:48:04:188]Debug: Serial transfer wrtie data done.len = 18,timeOut setting = 1000.
[16:48:04:265]Debug: 3 ,response data size = 10
[16:48:04:265]Debug: Serial transfer read data done.len = 0,timeOut setting = 1000.
[16:48:04:265]Debug: show Respons array size = 10, mode = 0
[16:48:04:265]Debug: End == show Respons array size = 10, mode = 0 response = 1
[16:48:04:267]Debug: state parse cmd ret = 7
[16:48:04:267]Debug: process machine state: 2 ==> 3 
[16:48:04:267]Debug: state: 2==>3

[16:48:04:267]Debug: Bink: set mbr progress bar pos = 0.
[16:48:04:267]Debug: Bink: set mode = 1, fileType = 1, pos = 0.
[16:48:04:267]Debug:  current status:3 
[16:48:04:267]Debug: Send buff end.
[16:48:04:267]Debug: send_total_byte = 4096, current packet size 4096, left size 0
[16:48:04:267]Debug: Send data to targe: size: 4106
[16:48:04:267]Debug: Serial transfer Begin.Thread wake.
[16:48:04:267]Debug: Serial PortName = COM4, BondRate = 921600
[16:48:04:267]Debug: Serial transfer Done.Thread sleep.
[16:48:04:268]Debug: Serial transfer running.
[16:48:04:295]Debug: Serial transfer wrtie data done.len = 4106,timeOut setting = 1000.
[16:48:04:393]Debug: 3 ,response data size = 10
[16:48:04:393]Debug: Serial transfer read data done.len = 0,timeOut setting = 1000.
[16:48:04:393]Debug: show Respons array size = 10, mode = 0
[16:48:04:393]Debug: End == show Respons array size = 10, mode = 0 response = 1
[16:48:04:397]Debug: state parse cmd ret = 7
[16:48:04:397]Debug: process machine state: 3 ==> 5 
[16:48:04:397]Debug: state: 3==>5

[16:48:04:397]Debug: Bink: set mbr progress bar pos = 100.
[16:48:04:397]Debug: Bink: set mode = 1, fileType = 1, pos = 100.
[16:48:04:397]Debug:  current status:5 
[16:48:04:397]Debug: send UPGRADE_CMD_TYPE_E_EXEC_DATA, flash addr 0x10000000
[16:48:04:397]Debug: Send data to targe: size: 14
[16:48:04:398]Debug: Serial transfer Begin.Thread wake.
[16:48:04:398]Debug: Serial PortName = COM4, BondRate = 921600
[16:48:04:398]Debug: Serial transfer Done.Thread sleep.
[16:48:04:398]Debug: Serial transfer running.
[16:48:04:398]Debug: Serial transfer wrtie data done.len = 14,timeOut setting = 1000.
[16:48:04:665]Debug: 3 ,response data size = 20
[16:48:04:665]Debug: Serial transfer read data done.len = 0,timeOut setting = 1000.
[16:48:04:665]Debug: show Respons array size = 20, mode = 0
[16:48:04:665]Debug: End == show Respons array size = 20, mode = 0 response = 1
[16:48:04:668]Debug: state parse cmd ret = 7
[16:48:04:668]Debug: process machine state: 5 ==> 6 
[16:48:04:668]Debug: state: 5==>6

[16:48:04:668]Debug: Bink: set mbr progress bar pos = 100.
[16:48:04:668]Debug: Bink: set mode = 1, fileType = 1, pos = 100.
[16:48:04:668]Debug:  current status:6 
[16:48:04:668]Debug: upgrade  complete ########################
[16:48:04:668]Debug: ******Upgrade Process Complete******

[16:48:04:668]Debug: DownLoadFlashFile --- 0
[16:48:04:668]Debug: *****Down Load Flash Done: file size 0 (bytes), Load Addr = 0x  140000, Flash Addr = 0x10000000


[16:48:04:669]Debug: Down Load Flash Done:upgrade done,ret = 1.
[16:48:04:669]Debug: **************download mbr done,size 4096 bytes*************** 
[16:48:04:669]Debug: 
mbr auth.code check ok
[16:48:04:669]Debug: *****Down Load Flash Begin: file size 256 (bytes), Load Addr = 0x  140000, Flash Addr = 0x10040000


[16:48:04:669]Debug: *****Down Load Flash:upgrade flash addr 0x10040000
[16:48:04:669]Debug: Down Load Flash Processing: write 256 bytes to Flash Addr 0x10040000 


[16:48:04:669]Debug: 
[16:48:04:669]Debug: ******pgrade Process Start******

[16:48:04:669]Debug: bink debug nRdSize 256 
[16:48:04:669]Debug: Try to handshake with targe, try_count = 1
[16:48:04:669]Debug: Send handshake cmd to target.
[16:48:04:669]Debug: Serial transfer Begin.Thread wake.
[16:48:04:670]Debug: Serial PortName = COM4, BondRate = 921600
[16:48:04:670]Debug: Serial transfer Done.Thread sleep.
[16:48:04:670]Debug: Serial transfer running.
[16:48:04:670]Debug: Serial transfer wrtie data done.len = 1,timeOut setting = 1000.
[16:48:04:745]Debug: 3 ,response data size = 64
[16:48:04:745]Debug: Serial transfer read data done.len = 0,timeOut setting = 1000.
[16:48:04:745]Debug: show Respons array size = 64, mode = 1
[16:48:04:745]Debug: End == show Respons array size = 64, mode = 1 response = 1
[16:48:04:746]Debug: state: 0==>0
[16:48:04:746]Debug: Handshake to target Done.

[16:48:04:746]Debug: Bink: set ac progress bar pos = 0.
[16:48:04:746]Debug: Bink: set mode = 1, fileType = 2, pos = 0.
[16:48:04:746]Debug:  current status:1 
[16:48:04:746]Debug: Send data to targe: size: 10
[16:48:04:746]Debug: Serial transfer Begin.Thread wake.
[16:48:04:746]Debug: Serial PortName = COM4, BondRate = 921600
[16:48:04:746]Debug: Serial transfer Done.Thread sleep.
[16:48:04:746]Debug: Serial transfer running.
[16:48:04:746]Debug: Serial transfer wrtie data done.len = 10,timeOut setting = 1000.
[16:48:04:825]Debug: 3 ,response data size = 10
[16:48:04:825]Debug: Serial transfer read data done.len = 0,timeOut setting = 1000.
[16:48:04:825]Debug: show Respons array size = 10, mode = 0
[16:48:04:825]Debug: End == show Respons array size = 10, mode = 0 response = 1
[16:48:04:826]Debug: state parse cmd ret = 7
[16:48:04:826]Debug: process machine state: 1 ==> 2 
[16:48:04:826]Debug: state: 1==>2

[16:48:04:826]Debug: Bink: set ac progress bar pos = 0.
[16:48:04:826]Debug: Bink: set mode = 1, fileType = 2, pos = 0.
[16:48:04:826]Debug:  current status:2 
[16:48:04:826]Debug:  dwLoadAddr:0x140000, len:0x100 
[16:48:04:826]Debug: Send data to targe: size: 18
[16:48:04:826]Debug: Serial transfer Begin.Thread wake.
[16:48:04:826]Debug: Serial PortName = COM4, BondRate = 921600
[16:48:04:826]Debug: Serial transfer Done.Thread sleep.
[16:48:04:826]Debug: Serial transfer running.
[16:48:04:826]Debug: Serial transfer wrtie data done.len = 18,timeOut setting = 1000.
[16:48:04:905]Debug: 3 ,response data size = 10
[16:48:04:905]Debug: Serial transfer read data done.len = 0,timeOut setting = 1000.
[16:48:04:905]Debug: show Respons array size = 10, mode = 0
[16:48:04:905]Debug: End == show Respons array size = 10, mode = 0 response = 1
[16:48:04:906]Debug: state parse cmd ret = 7
[16:48:04:906]Debug: process machine state: 2 ==> 3 
[16:48:04:906]Debug: state: 2==>3

[16:48:04:906]Debug: Bink: set ac progress bar pos = 0.
[16:48:04:906]Debug: Bink: set mode = 1, fileType = 2, pos = 0.
[16:48:04:906]Debug:  current status:3 
[16:48:04:906]Debug: Send buff end.
[16:48:04:907]Debug: send_total_byte = 256, current packet size 256, left size 0
[16:48:04:907]Debug: Send data to targe: size: 266
[16:48:04:907]Debug: Serial transfer Begin.Thread wake.
[16:48:04:907]Debug: Serial PortName = COM4, BondRate = 921600
[16:48:04:907]Debug: Serial transfer Done.Thread sleep.
[16:48:04:907]Debug: Serial transfer running.
[16:48:04:907]Debug: Serial transfer wrtie data done.len = 266,timeOut setting = 1000.
[16:48:04:985]Debug: 3 ,response data size = 10
[16:48:04:985]Debug: Serial transfer read data done.len = 0,timeOut setting = 1000.
[16:48:04:985]Debug: show Respons array size = 10, mode = 0
[16:48:04:985]Debug: End == show Respons array size = 10, mode = 0 response = 1
[16:48:04:987]Debug: state parse cmd ret = 7
[16:48:04:987]Debug: process machine state: 3 ==> 5 
[16:48:04:987]Debug: state: 3==>5

[16:48:04:987]Debug: Bink: set ac progress bar pos = 100.
[16:48:04:987]Debug: Bink: set mode = 1, fileType = 2, pos = 100.
[16:48:04:987]Debug:  current status:5 
[16:48:04:987]Debug: send UPGRADE_CMD_TYPE_E_EXEC_DATA, flash addr 0x10040000
[16:48:04:987]Debug: Send data to targe: size: 14
[16:48:04:987]Debug: Serial transfer Begin.Thread wake.
[16:48:04:988]Debug: Serial PortName = COM4, BondRate = 921600
[16:48:04:988]Debug: Serial transfer Done.Thread sleep.
[16:48:04:988]Debug: Serial transfer running.
[16:48:04:988]Debug: Serial transfer wrtie data done.len = 14,timeOut setting = 1000.
[16:48:05:225]Debug: 3 ,response data size = 20
[16:48:05:225]Debug: Serial transfer read data done.len = 0,timeOut setting = 1000.
[16:48:05:225]Debug: show Respons array size = 20, mode = 0
[16:48:05:225]Debug: End == show Respons array size = 20, mode = 0 response = 1
[16:48:05:228]Debug: state parse cmd ret = 7
[16:48:05:228]Debug: process machine state: 5 ==> 6 
[16:48:05:228]Debug: state: 5==>6

[16:48:05:228]Debug: Bink: set ac progress bar pos = 100.
[16:48:05:228]Debug: Bink: set mode = 1, fileType = 2, pos = 100.
[16:48:05:228]Debug:  current status:6 
[16:48:05:228]Debug: upgrade  complete ########################
[16:48:05:228]Debug: ******Upgrade Process Complete******

[16:48:05:228]Debug: DownLoadFlashFile --- 0
[16:48:05:228]Debug: *****Down Load Flash Done: file size 0 (bytes), Load Addr = 0x  140000, Flash Addr = 0x10040000


[16:48:05:228]Debug: Down Load Flash Done:upgrade done,ret = 1.
[16:48:05:229]Debug: **************download authcode done,size 256 bytes*************** 
[16:48:05:229]Debug: 
mbr ramloader check ok
[16:48:05:229]Debug: *****Down Load Flash Begin: file size 42752 (bytes), Load Addr = 0x  140000, Flash Addr = 0x10080000


[16:48:05:229]Debug: *****Down Load Flash:upgrade flash addr 0x10080000
[16:48:05:229]Debug: Down Load Flash Processing: write 42752 bytes to Flash Addr 0x10080000 


[16:48:05:229]Debug: 
[16:48:05:229]Debug: ******pgrade Process Start******

[16:48:05:229]Debug: bink debug nRdSize 42752 
[16:48:05:229]Debug: Try to handshake with targe, try_count = 1
[16:48:05:229]Debug: Send handshake cmd to target.
[16:48:05:229]Debug: Serial transfer Begin.Thread wake.
[16:48:05:229]Debug: Serial PortName = COM4, BondRate = 921600
[16:48:05:229]Debug: Serial transfer Done.Thread sleep.
[16:48:05:229]Debug: Serial transfer running.
[16:48:05:230]Debug: Serial transfer wrtie data done.len = 1,timeOut setting = 1000.
[16:48:05:305]Debug: 3 ,response data size = 64
[16:48:05:305]Debug: Serial transfer read data done.len = 0,timeOut setting = 1000.
[16:48:05:305]Debug: show Respons array size = 64, mode = 1
[16:48:05:305]Debug: End == show Respons array size = 64, mode = 1 response = 1
[16:48:05:306]Debug: state: 0==>0
[16:48:05:306]Debug: Handshake to target Done.

[16:48:05:306]Debug: Bink: set bl progress bar pos = 0.
[16:48:05:306]Debug: Bink: set mode = 1, fileType = 3, pos = 0.
[16:48:05:306]Debug:  current status:1 
[16:48:05:306]Debug: Send data to targe: size: 10
[16:48:05:306]Debug: Serial transfer Begin.Thread wake.
[16:48:05:306]Debug: Serial PortName = COM4, BondRate = 921600
[16:48:05:306]Debug: Serial transfer Done.Thread sleep.
[16:48:05:306]Debug: Serial transfer running.
[16:48:05:306]Debug: Serial transfer wrtie data done.len = 10,timeOut setting = 1000.
[16:48:05:385]Debug: 3 ,response data size = 10
[16:48:05:385]Debug: Serial transfer read data done.len = 0,timeOut setting = 1000.
[16:48:05:385]Debug: show Respons array size = 10, mode = 0
[16:48:05:385]Debug: End == show Respons array size = 10, mode = 0 response = 1
[16:48:05:386]Debug: state parse cmd ret = 7
[16:48:05:386]Debug: process machine state: 1 ==> 2 
[16:48:05:386]Debug: state: 1==>2

[16:48:05:386]Debug: Bink: set bl progress bar pos = 0.
[16:48:05:386]Debug: Bink: set mode = 1, fileType = 3, pos = 0.
[16:48:05:386]Debug:  current status:2 
[16:48:05:386]Debug:  dwLoadAddr:0x140000, len:0xa700 
[16:48:05:386]Debug: Send data to targe: size: 18
[16:48:05:386]Debug: Serial transfer Begin.Thread wake.
[16:48:05:386]Debug: Serial PortName = COM4, BondRate = 921600
[16:48:05:387]Debug: Serial transfer Done.Thread sleep.
[16:48:05:387]Debug: Serial transfer running.
[16:48:05:387]Debug: Serial transfer wrtie data done.len = 18,timeOut setting = 1000.
[16:48:05:465]Debug: 3 ,response data size = 10
[16:48:05:465]Debug: Serial transfer read data done.len = 0,timeOut setting = 1000.
[16:48:05:465]Debug: show Respons array size = 10, mode = 0
[16:48:05:465]Debug: End == show Respons array size = 10, mode = 0 response = 1
[16:48:05:466]Debug: state parse cmd ret = 7
[16:48:05:466]Debug: process machine state: 2 ==> 3 
[16:48:05:466]Debug: state: 2==>3

[16:48:05:466]Debug: Bink: set bl progress bar pos = 0.
[16:48:05:466]Debug: Bink: set mode = 1, fileType = 3, pos = 0.
[16:48:05:466]Debug:  current status:3 
[16:48:05:466]Debug: send_total_byte = 32768, current packet size 32768, left size 9984
[16:48:05:466]Debug: Send data to targe: size: 32778
[16:48:05:466]Debug: Serial transfer Begin.Thread wake.
[16:48:05:466]Debug: Serial PortName = COM4, BondRate = 921600
[16:48:05:466]Debug: Serial transfer Done.Thread sleep.
[16:48:05:466]Debug: Serial transfer running.
[16:48:05:805]Debug: Serial transfer wrtie data done.len = 32778,timeOut setting = 1000.
[16:48:05:865]Debug: 3 ,response data size = 10
[16:48:05:865]Debug: Serial transfer read data done.len = 0,timeOut setting = 1000.
[16:48:05:865]Debug: show Respons array size = 10, mode = 0
[16:48:05:865]Debug: End == show Respons array size = 10, mode = 0 response = 1
[16:48:05:866]Debug: state parse cmd ret = 7
[16:48:05:866]Debug: process machine state: 3 ==> 4 
[16:48:05:866]Debug: state: 3==>4

[16:48:05:867]Debug: Bink: set bl progress bar pos = 76.
[16:48:05:867]Debug: Bink: set mode = 1, fileType = 3, pos = 76.
[16:48:05:867]Debug:  current status:4 
[16:48:05:867]Debug: Send buff end.
[16:48:05:867]Debug: send_total_byte = 42752, current packet size 9984, left size 0
[16:48:05:867]Debug: Send data to targe: size: 9994
[16:48:05:868]Debug: Serial transfer Begin.Thread wake.
[16:48:05:868]Debug: Serial PortName = COM4, BondRate = 921600
[16:48:05:868]Debug: Serial transfer Done.Thread sleep.
[16:48:05:868]Debug: Serial transfer running.
[16:48:05:957]Debug: Serial transfer wrtie data done.len = 9994,timeOut setting = 1000.
[16:48:06:057]Debug: 3 ,response data size = 10
[16:48:06:057]Debug: Serial transfer read data done.len = 0,timeOut setting = 1000.
[16:48:06:057]Debug: show Respons array size = 10, mode = 0
[16:48:06:057]Debug: End == show Respons array size = 10, mode = 0 response = 1
[16:48:06:058]Debug: state parse cmd ret = 7
[16:48:06:058]Debug: process machine state: 4 ==> 5 
[16:48:06:058]Debug: state: 4==>5

[16:48:06:058]Debug: Bink: set bl progress bar pos = 100.
[16:48:06:058]Debug: Bink: set mode = 1, fileType = 3, pos = 100.
[16:48:06:058]Debug:  current status:5 
[16:48:06:058]Debug: send UPGRADE_CMD_TYPE_E_EXEC_DATA, flash addr 0x10080000
[16:48:06:058]Debug: Send data to targe: size: 14
[16:48:06:058]Debug: Serial transfer Begin.Thread wake.
[16:48:06:058]Debug: Serial PortName = COM4, BondRate = 921600
[16:48:06:058]Debug: Serial transfer Done.Thread sleep.
[16:48:06:058]Debug: Serial transfer running.
[16:48:06:059]Debug: Serial transfer wrtie data done.len = 14,timeOut setting = 1000.
[16:48:06:489]Debug: 3 ,response data size = 20
[16:48:06:489]Debug: Serial transfer read data done.len = 0,timeOut setting = 1000.
[16:48:06:489]Debug: show Respons array size = 20, mode = 0
[16:48:06:489]Debug: End == show Respons array size = 20, mode = 0 response = 1
[16:48:06:498]Debug: state parse cmd ret = 7
[16:48:06:498]Debug: process machine state: 5 ==> 6 
[16:48:06:498]Debug: state: 5==>6

[16:48:06:498]Debug: Bink: set bl progress bar pos = 100.
[16:48:06:498]Debug: Bink: set mode = 1, fileType = 3, pos = 100.
[16:48:06:498]Debug:  current status:6 
[16:48:06:498]Debug: upgrade  complete ########################
[16:48:06:498]Debug: ******Upgrade Process Complete******

[16:48:06:498]Debug: DownLoadFlashFile --- 0
[16:48:06:498]Debug: *****Down Load Flash Done: file size 0 (bytes), Load Addr = 0x  140000, Flash Addr = 0x10080000


[16:48:06:498]Debug: Down Load Flash Done:upgrade done,ret = 1.
[16:48:06:498]Debug: **************download bl done,size 42752 bytes*************** 
[16:48:06:498]Debug: bb file can not find mbr config info.
[16:48:35:376]Warning: QWaitCondition: Destroyed while threads are still waiting